# JRE version: OpenJDK Runtime Environment Homebrew (25.0) (build 25)
# Java VM: OpenJDK 64-Bit Server VM Homebrew (25, mixed mode, sharing, tiered, compressed oops, compressed class ptrs, g1 gc, bsd-amd64)
Heap:
 garbage-first heap   total reserved 2097152K, committed 133120K, used 29293K [0x0000000780000000, 0x0000000800000000)
  region size 1024K, 24 young (24576K), 1 survivors (1024K)
GC Heap Usage History (20 events):
Event: 6635.104 {heap Before GC invocations=189 (full 0):
 garbage-first heap   total reserved 2097152K, committed 133120K, used 82841K [0x0000000780000000, 0x0000000800000000)
  region size 1024K, 76 young (77824K), 1 survivors (1024K)
}
Event: 6635.104 {heap After GC invocations=190 (full 0):
 garbage-first heap   total reserved 2097152K, committed 133120K, used 7056K [0x0000000780000000, 0x0000000800000000)
  region size 1024K, 1 young (1024K), 1 survivors (1024K)
}
Event: 6671.031 {heap Before GC invocations=190 (full 0):
 garbage-first heap   total reserved 2097152K, committed 133120K, used 83856K [0x0000000780000000, 0x0000000800000000)
  region size 1024K, 76 young (77824K), 1 survivors (1024K)
}
Event: 6671.032 {heap After GC invocations=191 (full 0):
 garbage-first heap   total reserved 2097152K, committed 133120K, used 7058K [0x0000000780000000, 0x0000000800000000)
  region size 1024K, 1 young (1024K), 1 survivors (1024K)
}
Event: 6707.022 {heap Before GC invocations=191 (full 0):
 garbage-first heap   total reserved 2097152K, committed 133120K, used 83858K [0x0000000780000000, 0x0000000800000000)
  region size 1024K, 76 young (77824K), 1 survivors (1024K)
}
Event: 6707.023 {heap After GC invocations=192 (full 0):
 garbage-first heap   total reserved 2097152K, committed 133120K, used 6042K [0x0000000780000000, 0x0000000800000000)
  region size 1024K, 1 young (1024K), 1 survivors (1024K)
}
Event: 6743.066 {heap Before GC invocations=192 (full 0):
 garbage-first heap   total reserved 2097152K, committed 133120K, used 82842K [0x0000000780000000, 0x0000000800000000)
  region size 1024K, 76 young (77824K), 1 survivors (1024K)
}
Event: 6743.067 {heap After GC invocations=193 (full 0):
 garbage-first heap   total reserved 2097152K, committed 133120K, used 6039K [0x0000000780000000, 0x0000000800000000)
  region size 1024K, 1 young (1024K), 1 survivors (1024K)
}
Event: 6778.972 {heap Before GC invocations=193 (full 0):
 garbage-first heap   total reserved 2097152K, committed 133120K, used 82839K [0x0000000780000000, 0x0000000800000000)
  region size 1024K, 76 young (77824K), 1 survivors (1024K)
}
Event: 6778.972 {heap After GC invocations=194 (full 0):
 garbage-first heap   total reserved 2097152K, committed 133120K, used 6039K [0x0000000780000000, 0x0000000800000000)
  region size 1024K, 1 young (1024K), 1 survivors (1024K)
}
Event: 6814.849 {heap Before GC invocations=194 (full 0):
 garbage-first heap   total reserved 2097152K, committed 133120K, used 82839K [0x0000000780000000, 0x0000000800000000)
  region size 1024K, 76 young (77824K), 1 survivors (1024K)
}
Event: 6814.849 {heap After GC invocations=195 (full 0):
 garbage-first heap   total reserved 2097152K, committed 133120K, used 6037K [0x0000000780000000, 0x0000000800000000)
  region size 1024K, 1 young (1024K), 1 survivors (1024K)
}
Event: 6850.787 {heap Before GC invocations=195 (full 0):
 garbage-first heap   total reserved 2097152K, committed 133120K, used 82837K [0x0000000780000000, 0x0000000800000000)
  region size 1024K, 76 young (77824K), 1 survivors (1024K)
}
Event: 6850.788 {heap After GC invocations=196 (full 0):
 garbage-first heap   total reserved 2097152K, committed 133120K, used 6039K [0x0000000780000000, 0x0000000800000000)
  region size 1024K, 1 young (1024K), 1 survivors (1024K)
}
Event: 6886.703 {heap Before GC invocations=196 (full 0):
 garbage-first heap   total reserved 2097152K, committed 133120K, used 82839K [0x0000000780000000, 0x0000000800000000)
  region size 1024K, 76 young (77824K), 1 survivors (1024K)
}
Event: 6886.705 {heap After GC invocations=197 (full 0):
 garbage-first heap   total reserved 2097152K, committed 133120K, used 6042K [0x0000000780000000, 0x0000000800000000)
  region size 1024K, 1 young (1024K), 1 survivors (1024K)
}
Event: 6922.572 {heap Before GC invocations=197 (full 0):
 garbage-first heap   total reserved 2097152K, committed 133120K, used 82842K [0x0000000780000000, 0x0000000800000000)
  region size 1024K, 76 young (77824K), 1 survivors (1024K)
}
Event: 6922.573 {heap After GC invocations=198 (full 0):
 garbage-first heap   total reserved 2097152K, committed 133120K, used 6047K [0x0000000780000000, 0x0000000800000000)
  region size 1024K, 1 young (1024K), 1 survivors (1024K)
}
Event: 6958.771 {heap Before GC invocations=198 (full 0):
 garbage-first heap   total reserved 2097152K, committed 133120K, used 82847K [0x0000000780000000, 0x0000000800000000)
  region size 1024K, 76 young (77824K), 1 survivors (1024K)
}
Event: 6958.772 {heap After GC invocations=199 (full 0):
 garbage-first heap   total reserved 2097152K, committed 133120K, used 6042K [0x0000000780000000, 0x0000000800000000)
  region size 1024K, 1 young (1024K), 1 survivors (1024K)
}

